[2023-06-13 11:18:05] production.ERROR: Expected response code "250/251/252" but got code "550", with message "550 No Such User Here". {"userId":245,"exception":"[object] (Symfony\\Component\\Mailer\\Exception\\TransportException(code: 550): Expected response code \"250/251/252\" but got code \"550\", with message \"550 No Such User Here\". at /home/dharamshalaonlin/public_html/vendor/symfony/mailer/Transport/Smtp/SmtpTransport.php:307)
[stacktrace]
#0 /home/dharamshalaonlin/public_html/vendor/symfony/mailer/Transport/Smtp/SmtpTransport.php(182): Symfony\\Component\\Mailer\\Transport\\Smtp\\SmtpTransport->assertResponseCode()
#1 /home/dharamshalaonlin/public_html/vendor/symfony/mailer/Transport/Smtp/SmtpTransport.php(240): Symfony\\Component\\Mailer\\Transport\\Smtp\\SmtpTransport->executeCommand()
#2 /home/dharamshalaonlin/public_html/vendor/symfony/mailer/Transport/Smtp/SmtpTransport.php(201): Symfony\\Component\\Mailer\\Transport\\Smtp\\SmtpTransport->doRcptToCommand()
#3 /home/dharamshalaonlin/public_html/vendor/symfony/mailer/Transport/AbstractTransport.php(69): Symfony\\Component\\Mailer\\Transport\\Smtp\\SmtpTransport->doSend()
#4 /home/dharamshalaonlin/public_html/vendor/symfony/mailer/Transport/Smtp/SmtpTransport.php(136): Symfony\\Component\\Mailer\\Transport\\AbstractTransport->send()
#5 /home/dharamshalaonlin/public_html/vendor/laravel/framework/src/Illuminate/Mail/Mailer.php(521): Symfony\\Component\\Mailer\\Transport\\Smtp\\SmtpTransport->send()
#6 /home/dharamshalaonlin/public_html/vendor/laravel/framework/src/Illuminate/Mail/Mailer.php(285): Illuminate\\Mail\\Mailer->sendSymfonyMessage()
#7 /home/dharamshalaonlin/public_html/vendor/laravel/framework/src/Illuminate/Mail/Mailable.php(212): Illuminate\\Mail\\Mailer->send()
#8 /home/dharamshalaonlin/public_html/vendor/laravel/framework/src/Illuminate/Support/Traits/Localizable.php(19): Illuminate\\Mail\\Mailable->Illuminate\\Mail\\{closure}()
#9 /home/dharamshalaonlin/public_html/vendor/laravel/framework/src/Illuminate/Mail/Mailable.php(213): Illuminate\\Mail\\Mailable->withLocale()
#10 /home/dharamshalaonlin/public_html/vendor/laravel/framework/src/Illuminate/Mail/Mailer.php(307): Illuminate\\Mail\\Mailable->send()
#11 /home/dharamshalaonlin/public_html/vendor/laravel/framework/src/Illuminate/Mail/Mailer.php(253): Illuminate\\Mail\\Mailer->sendMailable()
#12 /home/dharamshalaonlin/public_html/vendor/laravel/framework/src/Illuminate/Mail/PendingMail.php(124): Illuminate\\Mail\\Mailer->send()
#13 /home/dharamshalaonlin/public_html/modules/User/Listeners/SendVendorRegisterdEmail.php(53): Illuminate\\Mail\\PendingMail->send()
#14 /home/dharamshalaonlin/public_html/vendor/laravel/framework/src/Illuminate/Events/Dispatcher.php(441): Modules\\User\\Listeners\\SendVendorRegisterdEmail->handle()
#15 /home/dharamshalaonlin/public_html/vendor/laravel/framework/src/Illuminate/Events/Dispatcher.php(249): Illuminate\\Events\\Dispatcher->Illuminate\\Events\\{closure}()
#16 /home/dharamshalaonlin/public_html/vendor/laravel/framework/src/Illuminate/Foundation/helpers.php(451): Illuminate\\Events\\Dispatcher->dispatch()
#17 /home/dharamshalaonlin/public_html/modules/Vendor/Controllers/VendorController.php(128): event()
#18 /home/dharamshalaonlin/public_html/vendor/laravel/framework/src/Illuminate/Routing/Controller.php(54): Modules\\Vendor\\Controllers\\VendorController->register()
#19 /home/dharamshalaonlin/public_html/vendor/laravel/framework/src/Illuminate/Routing/ControllerDispatcher.php(43): Illuminate\\Routing\\Controller->callAction()
#20 /home/dharamshalaonlin/public_html/vendor/laravel/framework/src/Illuminate/Routing/Route.php(260): Illuminate\\Routing\\ControllerDispatcher->dispatch()
#21 /home/dharamshalaonlin/public_html/vendor/laravel/framework/src/Illuminate/Routing/Route.php(205): Illuminate\\Routing\\Route->runController()
#22 /home/dharamshalaonlin/public_html/vendor/laravel/framework/src/Illuminate/Routing/Router.php(798): Illuminate\\Routing\\Route->run()
#23 /home/dharamshalaonlin/public_html/vendor/laravel/framework/src/Illuminate/Pipeline/Pipeline.php(141): Illuminate\\Routing\\Router->Illuminate\\Routing\\{closure}()
#24 /home/dharamshalaonlin/public_html/app/Http/Middleware/RequireChangePassword.php(41): Illuminate\\Pipeline\\Pipeline->Illuminate\\Pipeline\\{closure}()
#25 /home/dharamshalaonlin/public_html/vendor/laravel/framework/src/Illuminate/Pipeline/Pipeline.php(180): App\\Http\\Middleware\\RequireChangePassword->handle()
#26 /home/dharamshalaonlin/public_html/app/Http/Middleware/SetLanguageForAdmin.php(37): Illuminate\\Pipeline\\Pipeline->Illuminate\\Pipeline\\{closure}()
#27 /home/dharamshalaonlin/public_html/vendor/laravel/framework/src/Illuminate/Pipeline/Pipeline.php(180): App\\Http\\Middleware\\SetLanguageForAdmin->handle()
#28 /home/dharamshalaonlin/public_html/app/Http/Middleware/SetCurrentCurrency.php(48): Illuminate\\Pipeline\\Pipeline->Illuminate\\Pipeline\\{closure}()
#29 /home/dharamshalaonlin/public_html/vendor/laravel/framework/src/Illuminate/Pipeline/Pipeline.php(180): App\\Http\\Middleware\\SetCurrentCurrency->handle()
#30 /home/dharamshalaonlin/public_html/app/Http/Middleware/HideDebugbar.php(32): Illuminate\\Pipeline\\Pipeline->Illuminate\\Pipeline\\{closure}()
#31 /home/dharamshalaonlin/public_html/vendor/laravel/framework/src/Illuminate/Pipeline/Pipeline.php(180): App\\Http\\Middleware\\HideDebugbar->handle()
#32 /home/dharamshalaonlin/public_html/app/Http/Middleware/RedirectForMultiLanguage.php(58): Illuminate\\Pipeline\\Pipeline->Illuminate\\Pipeline\\{closure}()
#33 /home/dharamshalaonlin/public_html/vendor/laravel/framework/src/Illuminate/Pipeline/Pipeline.php(180): App\\Http\\Middleware\\RedirectForMultiLanguage->handle()
#34 /home/dharamshalaonlin/public_html/vendor/laravel/framework/src/Illuminate/Routing/Middleware/SubstituteBindings.php(50): Illuminate\\Pipeline\\Pipeline->Illuminate\\Pipeline\\{closure}()
#35 /home/dharamshalaonlin/public_html/vendor/laravel/framework/src/Illuminate/Pipeline/Pipeline.php(180): Illuminate\\Routing\\Middleware\\SubstituteBindings->handle()
#36 /home/dharamshalaonlin/public_html/vendor/laravel/framework/src/Illuminate/Foundation/Http/Middleware/VerifyCsrfToken.php(78): Illuminate\\Pipeline\\Pipeline->Illuminate\\Pipeline\\{closure}()
#37 /home/dharamshalaonlin/public_html/vendor/laravel/framework/src/Illuminate/Pipeline/Pipeline.php(180): Illuminate\\Foundation\\Http\\Middleware\\VerifyCsrfToken->handle()
#38 /home/dharamshalaonlin/public_html/vendor/laravel/framework/src/Illuminate/View/Middleware/ShareErrorsFromSession.php(49): Illuminate\\Pipeline\\Pipeline->Illuminate\\Pipeline\\{closure}()
#39 /home/dharamshalaonlin/public_html/vendor/laravel/framework/src/Illuminate/Pipeline/Pipeline.php(180): Illuminate\\View\\Middleware\\ShareErrorsFromSession->handle()
#40 /home/dharamshalaonlin/public_html/vendor/laravel/framework/src/Illuminate/Session/Middleware/StartSession.php(121): Illuminate\\Pipeline\\Pipeline->Illuminate\\Pipeline\\{closure}()
#41 /home/dharamshalaonlin/public_html/vendor/laravel/framework/src/Illuminate/Session/Middleware/StartSession.php(64): Illuminate\\Session\\Middleware\\StartSession->handleStatefulRequest()
#42 /home/dharamshalaonlin/public_html/vendor/laravel/framework/src/Illuminate/Pipeline/Pipeline.php(180): Illuminate\\Session\\Middleware\\StartSession->handle()
#43 /home/dharamshalaonlin/public_html/vendor/laravel/framework/src/Illuminate/Cookie/Middleware/AddQueuedCookiesToResponse.php(37): Illuminate\\Pipeline\\Pipeline->Illuminate\\Pipeline\\{closure}()
#44 /home/dharamshalaonlin/public_html/vendor/laravel/framework/src/Illuminate/Pipeline/Pipeline.php(180): Illuminate\\Cookie\\Middleware\\AddQueuedCookiesToResponse->handle()
#45 /home/dharamshalaonlin/public_html/vendor/laravel/framework/src/Illuminate/Cookie/Middleware/EncryptCookies.php(67): Illuminate\\Pipeline\\Pipeline->Illuminate\\Pipeline\\{closure}()
#46 /home/dharamshalaonlin/public_html/vendor/laravel/framework/src/Illuminate/Pipeline/Pipeline.php(180): Illuminate\\Cookie\\Middleware\\EncryptCookies->handle()
#47 /home/dharamshalaonlin/public_html/vendor/laravel/framework/src/Illuminate/Pipeline/Pipeline.php(116): Illuminate\\Pipeline\\Pipeline->Illuminate\\Pipeline\\{closure}()
#48 /home/dharamshalaonlin/public_html/vendor/laravel/framework/src/Illuminate/Routing/Router.php(799): Illuminate\\Pipeline\\Pipeline->then()
#49 /home/dharamshalaonlin/public_html/vendor/laravel/framework/src/Illuminate/Routing/Router.php(776): Illuminate\\Routing\\Router->runRouteWithinStack()
#50 /home/dharamshalaonlin/public_html/vendor/laravel/framework/src/Illuminate/Routing/Router.php(740): Illuminate\\Routing\\Router->runRoute()
#51 /home/dharamshalaonlin/public_html/vendor/laravel/framework/src/Illuminate/Routing/Router.php(729): Illuminate\\Routing\\Router->dispatchToRoute()
#52 /home/dharamshalaonlin/public_html/vendor/laravel/framework/src/Illuminate/Foundation/Http/Kernel.php(190): Illuminate\\Routing\\Router->dispatch()
#53 /home/dharamshalaonlin/public_html/vendor/laravel/framework/src/Illuminate/Pipeline/Pipeline.php(141): Illuminate\\Foundation\\Http\\Kernel->Illuminate\\Foundation\\Http\\{closure}()
#54 /home/dharamshalaonlin/public_html/themes/Base/Core/Middleware/RunUpdater.php(72): Illuminate\\Pipeline\\Pipeline->Illuminate\\Pipeline\\{closure}()
#55 /home/dharamshalaonlin/public_html/vendor/laravel/framework/src/Illuminate/Pipeline/Pipeline.php(180): Themes\\Base\\Core\\Middleware\\RunUpdater->handle()
#56 /home/dharamshalaonlin/public_html/vendor/barryvdh/laravel-debugbar/src/Middleware/InjectDebugbar.php(59): Illuminate\\Pipeline\\Pipeline->Illuminate\\Pipeline\\{closure}()
#57 /home/dharamshalaonlin/public_html/vendor/laravel/framework/src/Illuminate/Pipeline/Pipeline.php(180): Barryvdh\\Debugbar\\Middleware\\InjectDebugbar->handle()
#58 /home/dharamshalaonlin/public_html/vendor/laravel/framework/src/Illuminate/Foundation/Http/Middleware/TransformsRequest.php(21): Illuminate\\Pipeline\\Pipeline->Illuminate\\Pipeline\\{closure}()
#59 /home/dharamshalaonlin/public_html/vendor/laravel/framework/src/Illuminate/Foundation/Http/Middleware/ConvertEmptyStringsToNull.php(31): Illuminate\\Foundation\\Http\\Middleware\\TransformsRequest->handle()
#60 /home/dharamshalaonlin/public_html/vendor/laravel/framework/src/Illuminate/Pipeline/Pipeline.php(180): Illuminate\\Foundation\\Http\\Middleware\\ConvertEmptyStringsToNull->handle()
#61 /home/dharamshalaonlin/public_html/vendor/laravel/framework/src/Illuminate/Foundation/Http/Middleware/TransformsRequest.php(21): Illuminate\\Pipeline\\Pipeline->Illuminate\\Pipeline\\{closure}()
#62 /home/dharamshalaonlin/public_html/vendor/laravel/framework/src/Illuminate/Foundation/Http/Middleware/TrimStrings.php(40): Illuminate\\Foundation\\Http\\Middleware\\TransformsRequest->handle()
#63 /home/dharamshalaonlin/public_html/vendor/laravel/framework/src/Illuminate/Pipeline/Pipeline.php(180): Illuminate\\Foundation\\Http\\Middleware\\TrimStrings->handle()
#64 /home/dharamshalaonlin/public_html/vendor/laravel/framework/src/Illuminate/Foundation/Http/Middleware/ValidatePostSize.php(27): Illuminate\\Pipeline\\Pipeline->Illuminate\\Pipeline\\{closure}()
#65 /home/dharamshalaonlin/public_html/vendor/laravel/framework/src/Illuminate/Pipeline/Pipeline.php(180): Illuminate\\Foundation\\Http\\Middleware\\ValidatePostSize->handle()
#66 /home/dharamshalaonlin/public_html/vendor/laravel/framework/src/Illuminate/Foundation/Http/Middleware/PreventRequestsDuringMaintenance.php(86): Illuminate\\Pipeline\\Pipeline->Illuminate\\Pipeline\\{closure}()
#67 /home/dharamshalaonlin/public_html/vendor/laravel/framework/src/Illuminate/Pipeline/Pipeline.php(180): Illuminate\\Foundation\\Http\\Middleware\\PreventRequestsDuringMaintenance->handle()
#68 /home/dharamshalaonlin/public_html/vendor/laravel/framework/src/Illuminate/Http/Middleware/HandleCors.php(49): Illuminate\\Pipeline\\Pipeline->Illuminate\\Pipeline\\{closure}()
#69 /home/dharamshalaonlin/public_html/vendor/laravel/framework/src/Illuminate/Pipeline/Pipeline.php(180): Illuminate\\Http\\Middleware\\HandleCors->handle()
#70 /home/dharamshalaonlin/public_html/app/Http/Middleware/RedirectToInstaller.php(40): Illuminate\\Pipeline\\Pipeline->Illuminate\\Pipeline\\{closure}()
#71 /home/dharamshalaonlin/public_html/vendor/laravel/framework/src/Illuminate/Pipeline/Pipeline.php(180): App\\Http\\Middleware\\RedirectToInstaller->handle()
#72 /home/dharamshalaonlin/public_html/vendor/laravel/framework/src/Illuminate/Http/Middleware/TrustProxies.php(39): Illuminate\\Pipeline\\Pipeline->Illuminate\\Pipeline\\{closure}()
#73 /home/dharamshalaonlin/public_html/vendor/laravel/framework/src/Illuminate/Pipeline/Pipeline.php(180): Illuminate\\Http\\Middleware\\TrustProxies->handle()
#74 /home/dharamshalaonlin/public_html/vendor/laravel/framework/src/Illuminate/Pipeline/Pipeline.php(116): Illuminate\\Pipeline\\Pipeline->Illuminate\\Pipeline\\{closure}()
#75 /home/dharamshalaonlin/public_html/vendor/laravel/framework/src/Illuminate/Foundation/Http/Kernel.php(165): Illuminate\\Pipeline\\Pipeline->then()
#76 /home/dharamshalaonlin/public_html/vendor/laravel/framework/src/Illuminate/Foundation/Http/Kernel.php(134): Illuminate\\Foundation\\Http\\Kernel->sendRequestThroughRouter()
#77 /home/dharamshalaonlin/public_html/public/index.php(72): Illuminate\\Foundation\\Http\\Kernel->handle()
#78 {main}
"} 
[2023-06-13 15:26:48] production.ERROR: Expected response code "250/251/252" but got code "550", with message "550 No Such User Here". {"userId":246,"exception":"[object] (Symfony\\Component\\Mailer\\Exception\\TransportException(code: 550): Expected response code \"250/251/252\" but got code \"550\", with message \"550 No Such User Here\". at /home/dharamshalaonlin/public_html/vendor/symfony/mailer/Transport/Smtp/SmtpTransport.php:307)
[stacktrace]
#0 /home/dharamshalaonlin/public_html/vendor/symfony/mailer/Transport/Smtp/SmtpTransport.php(182): Symfony\\Component\\Mailer\\Transport\\Smtp\\SmtpTransport->assertResponseCode()
#1 /home/dharamshalaonlin/public_html/vendor/symfony/mailer/Transport/Smtp/SmtpTransport.php(240): Symfony\\Component\\Mailer\\Transport\\Smtp\\SmtpTransport->executeCommand()
#2 /home/dharamshalaonlin/public_html/vendor/symfony/mailer/Transport/Smtp/SmtpTransport.php(201): Symfony\\Component\\Mailer\\Transport\\Smtp\\SmtpTransport->doRcptToCommand()
#3 /home/dharamshalaonlin/public_html/vendor/symfony/mailer/Transport/AbstractTransport.php(69): Symfony\\Component\\Mailer\\Transport\\Smtp\\SmtpTransport->doSend()
#4 /home/dharamshalaonlin/public_html/vendor/symfony/mailer/Transport/Smtp/SmtpTransport.php(136): Symfony\\Component\\Mailer\\Transport\\AbstractTransport->send()
#5 /home/dharamshalaonlin/public_html/vendor/laravel/framework/src/Illuminate/Mail/Mailer.php(521): Symfony\\Component\\Mailer\\Transport\\Smtp\\SmtpTransport->send()
#6 /home/dharamshalaonlin/public_html/vendor/laravel/framework/src/Illuminate/Mail/Mailer.php(285): Illuminate\\Mail\\Mailer->sendSymfonyMessage()
#7 /home/dharamshalaonlin/public_html/vendor/laravel/framework/src/Illuminate/Mail/Mailable.php(212): Illuminate\\Mail\\Mailer->send()
#8 /home/dharamshalaonlin/public_html/vendor/laravel/framework/src/Illuminate/Support/Traits/Localizable.php(19): Illuminate\\Mail\\Mailable->Illuminate\\Mail\\{closure}()
#9 /home/dharamshalaonlin/public_html/vendor/laravel/framework/src/Illuminate/Mail/Mailable.php(213): Illuminate\\Mail\\Mailable->withLocale()
#10 /home/dharamshalaonlin/public_html/vendor/laravel/framework/src/Illuminate/Mail/Mailer.php(307): Illuminate\\Mail\\Mailable->send()
#11 /home/dharamshalaonlin/public_html/vendor/laravel/framework/src/Illuminate/Mail/Mailer.php(253): Illuminate\\Mail\\Mailer->sendMailable()
#12 /home/dharamshalaonlin/public_html/vendor/laravel/framework/src/Illuminate/Mail/PendingMail.php(124): Illuminate\\Mail\\Mailer->send()
#13 /home/dharamshalaonlin/public_html/modules/User/Listeners/SendVendorRegisterdEmail.php(53): Illuminate\\Mail\\PendingMail->send()
#14 /home/dharamshalaonlin/public_html/vendor/laravel/framework/src/Illuminate/Events/Dispatcher.php(441): Modules\\User\\Listeners\\SendVendorRegisterdEmail->handle()
#15 /home/dharamshalaonlin/public_html/vendor/laravel/framework/src/Illuminate/Events/Dispatcher.php(249): Illuminate\\Events\\Dispatcher->Illuminate\\Events\\{closure}()
#16 /home/dharamshalaonlin/public_html/vendor/laravel/framework/src/Illuminate/Foundation/helpers.php(451): Illuminate\\Events\\Dispatcher->dispatch()
#17 /home/dharamshalaonlin/public_html/modules/Vendor/Controllers/VendorController.php(128): event()
#18 /home/dharamshalaonlin/public_html/vendor/laravel/framework/src/Illuminate/Routing/Controller.php(54): Modules\\Vendor\\Controllers\\VendorController->register()
#19 /home/dharamshalaonlin/public_html/vendor/laravel/framework/src/Illuminate/Routing/ControllerDispatcher.php(43): Illuminate\\Routing\\Controller->callAction()
#20 /home/dharamshalaonlin/public_html/vendor/laravel/framework/src/Illuminate/Routing/Route.php(260): Illuminate\\Routing\\ControllerDispatcher->dispatch()
#21 /home/dharamshalaonlin/public_html/vendor/laravel/framework/src/Illuminate/Routing/Route.php(205): Illuminate\\Routing\\Route->runController()
#22 /home/dharamshalaonlin/public_html/vendor/laravel/framework/src/Illuminate/Routing/Router.php(798): Illuminate\\Routing\\Route->run()
#23 /home/dharamshalaonlin/public_html/vendor/laravel/framework/src/Illuminate/Pipeline/Pipeline.php(141): Illuminate\\Routing\\Router->Illuminate\\Routing\\{closure}()
#24 /home/dharamshalaonlin/public_html/app/Http/Middleware/RequireChangePassword.php(41): Illuminate\\Pipeline\\Pipeline->Illuminate\\Pipeline\\{closure}()
#25 /home/dharamshalaonlin/public_html/vendor/laravel/framework/src/Illuminate/Pipeline/Pipeline.php(180): App\\Http\\Middleware\\RequireChangePassword->handle()
#26 /home/dharamshalaonlin/public_html/app/Http/Middleware/SetLanguageForAdmin.php(37): Illuminate\\Pipeline\\Pipeline->Illuminate\\Pipeline\\{closure}()
#27 /home/dharamshalaonlin/public_html/vendor/laravel/framework/src/Illuminate/Pipeline/Pipeline.php(180): App\\Http\\Middleware\\SetLanguageForAdmin->handle()
#28 /home/dharamshalaonlin/public_html/app/Http/Middleware/SetCurrentCurrency.php(48): Illuminate\\Pipeline\\Pipeline->Illuminate\\Pipeline\\{closure}()
#29 /home/dharamshalaonlin/public_html/vendor/laravel/framework/src/Illuminate/Pipeline/Pipeline.php(180): App\\Http\\Middleware\\SetCurrentCurrency->handle()
#30 /home/dharamshalaonlin/public_html/app/Http/Middleware/HideDebugbar.php(32): Illuminate\\Pipeline\\Pipeline->Illuminate\\Pipeline\\{closure}()
#31 /home/dharamshalaonlin/public_html/vendor/laravel/framework/src/Illuminate/Pipeline/Pipeline.php(180): App\\Http\\Middleware\\HideDebugbar->handle()
#32 /home/dharamshalaonlin/public_html/app/Http/Middleware/RedirectForMultiLanguage.php(58): Illuminate\\Pipeline\\Pipeline->Illuminate\\Pipeline\\{closure}()
#33 /home/dharamshalaonlin/public_html/vendor/laravel/framework/src/Illuminate/Pipeline/Pipeline.php(180): App\\Http\\Middleware\\RedirectForMultiLanguage->handle()
#34 /home/dharamshalaonlin/public_html/vendor/laravel/framework/src/Illuminate/Routing/Middleware/SubstituteBindings.php(50): Illuminate\\Pipeline\\Pipeline->Illuminate\\Pipeline\\{closure}()
#35 /home/dharamshalaonlin/public_html/vendor/laravel/framework/src/Illuminate/Pipeline/Pipeline.php(180): Illuminate\\Routing\\Middleware\\SubstituteBindings->handle()
#36 /home/dharamshalaonlin/public_html/vendor/laravel/framework/src/Illuminate/Foundation/Http/Middleware/VerifyCsrfToken.php(78): Illuminate\\Pipeline\\Pipeline->Illuminate\\Pipeline\\{closure}()
#37 /home/dharamshalaonlin/public_html/vendor/laravel/framework/src/Illuminate/Pipeline/Pipeline.php(180): Illuminate\\Foundation\\Http\\Middleware\\VerifyCsrfToken->handle()
#38 /home/dharamshalaonlin/public_html/vendor/laravel/framework/src/Illuminate/View/Middleware/ShareErrorsFromSession.php(49): Illuminate\\Pipeline\\Pipeline->Illuminate\\Pipeline\\{closure}()
#39 /home/dharamshalaonlin/public_html/vendor/laravel/framework/src/Illuminate/Pipeline/Pipeline.php(180): Illuminate\\View\\Middleware\\ShareErrorsFromSession->handle()
#40 /home/dharamshalaonlin/public_html/vendor/laravel/framework/src/Illuminate/Session/Middleware/StartSession.php(121): Illuminate\\Pipeline\\Pipeline->Illuminate\\Pipeline\\{closure}()
#41 /home/dharamshalaonlin/public_html/vendor/laravel/framework/src/Illuminate/Session/Middleware/StartSession.php(64): Illuminate\\Session\\Middleware\\StartSession->handleStatefulRequest()
#42 /home/dharamshalaonlin/public_html/vendor/laravel/framework/src/Illuminate/Pipeline/Pipeline.php(180): Illuminate\\Session\\Middleware\\StartSession->handle()
#43 /home/dharamshalaonlin/public_html/vendor/laravel/framework/src/Illuminate/Cookie/Middleware/AddQueuedCookiesToResponse.php(37): Illuminate\\Pipeline\\Pipeline->Illuminate\\Pipeline\\{closure}()
#44 /home/dharamshalaonlin/public_html/vendor/laravel/framework/src/Illuminate/Pipeline/Pipeline.php(180): Illuminate\\Cookie\\Middleware\\AddQueuedCookiesToResponse->handle()
#45 /home/dharamshalaonlin/public_html/vendor/laravel/framework/src/Illuminate/Cookie/Middleware/EncryptCookies.php(67): Illuminate\\Pipeline\\Pipeline->Illuminate\\Pipeline\\{closure}()
#46 /home/dharamshalaonlin/public_html/vendor/laravel/framework/src/Illuminate/Pipeline/Pipeline.php(180): Illuminate\\Cookie\\Middleware\\EncryptCookies->handle()
#47 /home/dharamshalaonlin/public_html/vendor/laravel/framework/src/Illuminate/Pipeline/Pipeline.php(116): Illuminate\\Pipeline\\Pipeline->Illuminate\\Pipeline\\{closure}()
#48 /home/dharamshalaonlin/public_html/vendor/laravel/framework/src/Illuminate/Routing/Router.php(799): Illuminate\\Pipeline\\Pipeline->then()
#49 /home/dharamshalaonlin/public_html/vendor/laravel/framework/src/Illuminate/Routing/Router.php(776): Illuminate\\Routing\\Router->runRouteWithinStack()
#50 /home/dharamshalaonlin/public_html/vendor/laravel/framework/src/Illuminate/Routing/Router.php(740): Illuminate\\Routing\\Router->runRoute()
#51 /home/dharamshalaonlin/public_html/vendor/laravel/framework/src/Illuminate/Routing/Router.php(729): Illuminate\\Routing\\Router->dispatchToRoute()
#52 /home/dharamshalaonlin/public_html/vendor/laravel/framework/src/Illuminate/Foundation/Http/Kernel.php(190): Illuminate\\Routing\\Router->dispatch()
#53 /home/dharamshalaonlin/public_html/vendor/laravel/framework/src/Illuminate/Pipeline/Pipeline.php(141): Illuminate\\Foundation\\Http\\Kernel->Illuminate\\Foundation\\Http\\{closure}()
#54 /home/dharamshalaonlin/public_html/themes/Base/Core/Middleware/RunUpdater.php(72): Illuminate\\Pipeline\\Pipeline->Illuminate\\Pipeline\\{closure}()
#55 /home/dharamshalaonlin/public_html/vendor/laravel/framework/src/Illuminate/Pipeline/Pipeline.php(180): Themes\\Base\\Core\\Middleware\\RunUpdater->handle()
#56 /home/dharamshalaonlin/public_html/vendor/barryvdh/laravel-debugbar/src/Middleware/InjectDebugbar.php(59): Illuminate\\Pipeline\\Pipeline->Illuminate\\Pipeline\\{closure}()
#57 /home/dharamshalaonlin/public_html/vendor/laravel/framework/src/Illuminate/Pipeline/Pipeline.php(180): Barryvdh\\Debugbar\\Middleware\\InjectDebugbar->handle()
#58 /home/dharamshalaonlin/public_html/vendor/laravel/framework/src/Illuminate/Foundation/Http/Middleware/TransformsRequest.php(21): Illuminate\\Pipeline\\Pipeline->Illuminate\\Pipeline\\{closure}()
#59 /home/dharamshalaonlin/public_html/vendor/laravel/framework/src/Illuminate/Foundation/Http/Middleware/ConvertEmptyStringsToNull.php(31): Illuminate\\Foundation\\Http\\Middleware\\TransformsRequest->handle()
#60 /home/dharamshalaonlin/public_html/vendor/laravel/framework/src/Illuminate/Pipeline/Pipeline.php(180): Illuminate\\Foundation\\Http\\Middleware\\ConvertEmptyStringsToNull->handle()
#61 /home/dharamshalaonlin/public_html/vendor/laravel/framework/src/Illuminate/Foundation/Http/Middleware/TransformsRequest.php(21): Illuminate\\Pipeline\\Pipeline->Illuminate\\Pipeline\\{closure}()
#62 /home/dharamshalaonlin/public_html/vendor/laravel/framework/src/Illuminate/Foundation/Http/Middleware/TrimStrings.php(40): Illuminate\\Foundation\\Http\\Middleware\\TransformsRequest->handle()
#63 /home/dharamshalaonlin/public_html/vendor/laravel/framework/src/Illuminate/Pipeline/Pipeline.php(180): Illuminate\\Foundation\\Http\\Middleware\\TrimStrings->handle()
#64 /home/dharamshalaonlin/public_html/vendor/laravel/framework/src/Illuminate/Foundation/Http/Middleware/ValidatePostSize.php(27): Illuminate\\Pipeline\\Pipeline->Illuminate\\Pipeline\\{closure}()
#65 /home/dharamshalaonlin/public_html/vendor/laravel/framework/src/Illuminate/Pipeline/Pipeline.php(180): Illuminate\\Foundation\\Http\\Middleware\\ValidatePostSize->handle()
#66 /home/dharamshalaonlin/public_html/vendor/laravel/framework/src/Illuminate/Foundation/Http/Middleware/PreventRequestsDuringMaintenance.php(86): Illuminate\\Pipeline\\Pipeline->Illuminate\\Pipeline\\{closure}()
#67 /home/dharamshalaonlin/public_html/vendor/laravel/framework/src/Illuminate/Pipeline/Pipeline.php(180): Illuminate\\Foundation\\Http\\Middleware\\PreventRequestsDuringMaintenance->handle()
#68 /home/dharamshalaonlin/public_html/vendor/laravel/framework/src/Illuminate/Http/Middleware/HandleCors.php(49): Illuminate\\Pipeline\\Pipeline->Illuminate\\Pipeline\\{closure}()
#69 /home/dharamshalaonlin/public_html/vendor/laravel/framework/src/Illuminate/Pipeline/Pipeline.php(180): Illuminate\\Http\\Middleware\\HandleCors->handle()
#70 /home/dharamshalaonlin/public_html/app/Http/Middleware/RedirectToInstaller.php(40): Illuminate\\Pipeline\\Pipeline->Illuminate\\Pipeline\\{closure}()
#71 /home/dharamshalaonlin/public_html/vendor/laravel/framework/src/Illuminate/Pipeline/Pipeline.php(180): App\\Http\\Middleware\\RedirectToInstaller->handle()
#72 /home/dharamshalaonlin/public_html/vendor/laravel/framework/src/Illuminate/Http/Middleware/TrustProxies.php(39): Illuminate\\Pipeline\\Pipeline->Illuminate\\Pipeline\\{closure}()
#73 /home/dharamshalaonlin/public_html/vendor/laravel/framework/src/Illuminate/Pipeline/Pipeline.php(180): Illuminate\\Http\\Middleware\\TrustProxies->handle()
#74 /home/dharamshalaonlin/public_html/vendor/laravel/framework/src/Illuminate/Pipeline/Pipeline.php(116): Illuminate\\Pipeline\\Pipeline->Illuminate\\Pipeline\\{closure}()
#75 /home/dharamshalaonlin/public_html/vendor/laravel/framework/src/Illuminate/Foundation/Http/Kernel.php(165): Illuminate\\Pipeline\\Pipeline->then()
#76 /home/dharamshalaonlin/public_html/vendor/laravel/framework/src/Illuminate/Foundation/Http/Kernel.php(134): Illuminate\\Foundation\\Http\\Kernel->sendRequestThroughRouter()
#77 /home/dharamshalaonlin/public_html/public/index.php(72): Illuminate\\Foundation\\Http\\Kernel->handle()
#78 {main}
"} 
[2023-06-13 16:34:11] production.WARNING: sendNewBookingEmails: Expected response code "250/251/252" but got code "550", with message "550 No Such User Here".  
[2023-06-13 16:34:14] production.ERROR: Authenticate  
[2023-06-13 16:34:14] production.ERROR: Authenticate  
[2023-06-13 16:34:15] production.ERROR: Authenticate  
[2023-06-13 16:36:38] production.WARNING: sendStatusUpdatedEmails: Expected response code "250/251/252" but got code "550", with message "550 No Such User Here".  
[2023-06-13 16:36:40] production.ERROR: Authenticate  
[2023-06-13 16:36:41] production.ERROR: Authenticate  
[2023-06-13 16:36:41] production.ERROR: Authenticate  
[2023-06-13 17:36:08] production.WARNING: sendStatusUpdatedEmails: Expected response code "250/251/252" but got code "550", with message "550 No Such User Here".  
[2023-06-13 17:36:09] production.ERROR: Authenticate  
[2023-06-13 17:36:10] production.ERROR: Authenticate  
[2023-06-13 17:36:10] production.ERROR: Authenticate  
[2023-06-13 17:46:16] production.ERROR: Expected response code "250/251/252" but got code "550", with message "550 No Such User Here". {"userId":247,"exception":"[object] (Symfony\\Component\\Mailer\\Exception\\TransportException(code: 550): Expected response code \"250/251/252\" but got code \"550\", with message \"550 No Such User Here\". at /home/dharamshalaonlin/public_html/vendor/symfony/mailer/Transport/Smtp/SmtpTransport.php:307)
[stacktrace]
#0 /home/dharamshalaonlin/public_html/vendor/symfony/mailer/Transport/Smtp/SmtpTransport.php(182): Symfony\\Component\\Mailer\\Transport\\Smtp\\SmtpTransport->assertResponseCode()
#1 /home/dharamshalaonlin/public_html/vendor/symfony/mailer/Transport/Smtp/SmtpTransport.php(240): Symfony\\Component\\Mailer\\Transport\\Smtp\\SmtpTransport->executeCommand()
#2 /home/dharamshalaonlin/public_html/vendor/symfony/mailer/Transport/Smtp/SmtpTransport.php(201): Symfony\\Component\\Mailer\\Transport\\Smtp\\SmtpTransport->doRcptToCommand()
#3 /home/dharamshalaonlin/public_html/vendor/symfony/mailer/Transport/AbstractTransport.php(69): Symfony\\Component\\Mailer\\Transport\\Smtp\\SmtpTransport->doSend()
#4 /home/dharamshalaonlin/public_html/vendor/symfony/mailer/Transport/Smtp/SmtpTransport.php(136): Symfony\\Component\\Mailer\\Transport\\AbstractTransport->send()
#5 /home/dharamshalaonlin/public_html/vendor/laravel/framework/src/Illuminate/Mail/Mailer.php(521): Symfony\\Component\\Mailer\\Transport\\Smtp\\SmtpTransport->send()
#6 /home/dharamshalaonlin/public_html/vendor/laravel/framework/src/Illuminate/Mail/Mailer.php(285): Illuminate\\Mail\\Mailer->sendSymfonyMessage()
#7 /home/dharamshalaonlin/public_html/vendor/laravel/framework/src/Illuminate/Mail/Mailable.php(212): Illuminate\\Mail\\Mailer->send()
#8 /home/dharamshalaonlin/public_html/vendor/laravel/framework/src/Illuminate/Support/Traits/Localizable.php(19): Illuminate\\Mail\\Mailable->Illuminate\\Mail\\{closure}()
#9 /home/dharamshalaonlin/public_html/vendor/laravel/framework/src/Illuminate/Mail/Mailable.php(213): Illuminate\\Mail\\Mailable->withLocale()
#10 /home/dharamshalaonlin/public_html/vendor/laravel/framework/src/Illuminate/Mail/Mailer.php(307): Illuminate\\Mail\\Mailable->send()
#11 /home/dharamshalaonlin/public_html/vendor/laravel/framework/src/Illuminate/Mail/Mailer.php(253): Illuminate\\Mail\\Mailer->sendMailable()
#12 /home/dharamshalaonlin/public_html/vendor/laravel/framework/src/Illuminate/Mail/PendingMail.php(124): Illuminate\\Mail\\Mailer->send()
#13 /home/dharamshalaonlin/public_html/modules/User/Listeners/SendVendorRegisterdEmail.php(53): Illuminate\\Mail\\PendingMail->send()
#14 /home/dharamshalaonlin/public_html/vendor/laravel/framework/src/Illuminate/Events/Dispatcher.php(441): Modules\\User\\Listeners\\SendVendorRegisterdEmail->handle()
#15 /home/dharamshalaonlin/public_html/vendor/laravel/framework/src/Illuminate/Events/Dispatcher.php(249): Illuminate\\Events\\Dispatcher->Illuminate\\Events\\{closure}()
#16 /home/dharamshalaonlin/public_html/vendor/laravel/framework/src/Illuminate/Foundation/helpers.php(451): Illuminate\\Events\\Dispatcher->dispatch()
#17 /home/dharamshalaonlin/public_html/modules/Vendor/Controllers/VendorController.php(128): event()
#18 /home/dharamshalaonlin/public_html/vendor/laravel/framework/src/Illuminate/Routing/Controller.php(54): Modules\\Vendor\\Controllers\\VendorController->register()
#19 /home/dharamshalaonlin/public_html/vendor/laravel/framework/src/Illuminate/Routing/ControllerDispatcher.php(43): Illuminate\\Routing\\Controller->callAction()
#20 /home/dharamshalaonlin/public_html/vendor/laravel/framework/src/Illuminate/Routing/Route.php(260): Illuminate\\Routing\\ControllerDispatcher->dispatch()
#21 /home/dharamshalaonlin/public_html/vendor/laravel/framework/src/Illuminate/Routing/Route.php(205): Illuminate\\Routing\\Route->runController()
#22 /home/dharamshalaonlin/public_html/vendor/laravel/framework/src/Illuminate/Routing/Router.php(798): Illuminate\\Routing\\Route->run()
#23 /home/dharamshalaonlin/public_html/vendor/laravel/framework/src/Illuminate/Pipeline/Pipeline.php(141): Illuminate\\Routing\\Router->Illuminate\\Routing\\{closure}()
#24 /home/dharamshalaonlin/public_html/app/Http/Middleware/RequireChangePassword.php(41): Illuminate\\Pipeline\\Pipeline->Illuminate\\Pipeline\\{closure}()
#25 /home/dharamshalaonlin/public_html/vendor/laravel/framework/src/Illuminate/Pipeline/Pipeline.php(180): App\\Http\\Middleware\\RequireChangePassword->handle()
#26 /home/dharamshalaonlin/public_html/app/Http/Middleware/SetLanguageForAdmin.php(37): Illuminate\\Pipeline\\Pipeline->Illuminate\\Pipeline\\{closure}()
#27 /home/dharamshalaonlin/public_html/vendor/laravel/framework/src/Illuminate/Pipeline/Pipeline.php(180): App\\Http\\Middleware\\SetLanguageForAdmin->handle()
#28 /home/dharamshalaonlin/public_html/app/Http/Middleware/SetCurrentCurrency.php(48): Illuminate\\Pipeline\\Pipeline->Illuminate\\Pipeline\\{closure}()
#29 /home/dharamshalaonlin/public_html/vendor/laravel/framework/src/Illuminate/Pipeline/Pipeline.php(180): App\\Http\\Middleware\\SetCurrentCurrency->handle()
#30 /home/dharamshalaonlin/public_html/app/Http/Middleware/HideDebugbar.php(32): Illuminate\\Pipeline\\Pipeline->Illuminate\\Pipeline\\{closure}()
#31 /home/dharamshalaonlin/public_html/vendor/laravel/framework/src/Illuminate/Pipeline/Pipeline.php(180): App\\Http\\Middleware\\HideDebugbar->handle()
#32 /home/dharamshalaonlin/public_html/app/Http/Middleware/RedirectForMultiLanguage.php(58): Illuminate\\Pipeline\\Pipeline->Illuminate\\Pipeline\\{closure}()
#33 /home/dharamshalaonlin/public_html/vendor/laravel/framework/src/Illuminate/Pipeline/Pipeline.php(180): App\\Http\\Middleware\\RedirectForMultiLanguage->handle()
#34 /home/dharamshalaonlin/public_html/vendor/laravel/framework/src/Illuminate/Routing/Middleware/SubstituteBindings.php(50): Illuminate\\Pipeline\\Pipeline->Illuminate\\Pipeline\\{closure}()
#35 /home/dharamshalaonlin/public_html/vendor/laravel/framework/src/Illuminate/Pipeline/Pipeline.php(180): Illuminate\\Routing\\Middleware\\SubstituteBindings->handle()
#36 /home/dharamshalaonlin/public_html/vendor/laravel/framework/src/Illuminate/Foundation/Http/Middleware/VerifyCsrfToken.php(78): Illuminate\\Pipeline\\Pipeline->Illuminate\\Pipeline\\{closure}()
#37 /home/dharamshalaonlin/public_html/vendor/laravel/framework/src/Illuminate/Pipeline/Pipeline.php(180): Illuminate\\Foundation\\Http\\Middleware\\VerifyCsrfToken->handle()
#38 /home/dharamshalaonlin/public_html/vendor/laravel/framework/src/Illuminate/View/Middleware/ShareErrorsFromSession.php(49): Illuminate\\Pipeline\\Pipeline->Illuminate\\Pipeline\\{closure}()
#39 /home/dharamshalaonlin/public_html/vendor/laravel/framework/src/Illuminate/Pipeline/Pipeline.php(180): Illuminate\\View\\Middleware\\ShareErrorsFromSession->handle()
#40 /home/dharamshalaonlin/public_html/vendor/laravel/framework/src/Illuminate/Session/Middleware/StartSession.php(121): Illuminate\\Pipeline\\Pipeline->Illuminate\\Pipeline\\{closure}()
#41 /home/dharamshalaonlin/public_html/vendor/laravel/framework/src/Illuminate/Session/Middleware/StartSession.php(64): Illuminate\\Session\\Middleware\\StartSession->handleStatefulRequest()
#42 /home/dharamshalaonlin/public_html/vendor/laravel/framework/src/Illuminate/Pipeline/Pipeline.php(180): Illuminate\\Session\\Middleware\\StartSession->handle()
#43 /home/dharamshalaonlin/public_html/vendor/laravel/framework/src/Illuminate/Cookie/Middleware/AddQueuedCookiesToResponse.php(37): Illuminate\\Pipeline\\Pipeline->Illuminate\\Pipeline\\{closure}()
#44 /home/dharamshalaonlin/public_html/vendor/laravel/framework/src/Illuminate/Pipeline/Pipeline.php(180): Illuminate\\Cookie\\Middleware\\AddQueuedCookiesToResponse->handle()
#45 /home/dharamshalaonlin/public_html/vendor/laravel/framework/src/Illuminate/Cookie/Middleware/EncryptCookies.php(67): Illuminate\\Pipeline\\Pipeline->Illuminate\\Pipeline\\{closure}()
#46 /home/dharamshalaonlin/public_html/vendor/laravel/framework/src/Illuminate/Pipeline/Pipeline.php(180): Illuminate\\Cookie\\Middleware\\EncryptCookies->handle()
#47 /home/dharamshalaonlin/public_html/vendor/laravel/framework/src/Illuminate/Pipeline/Pipeline.php(116): Illuminate\\Pipeline\\Pipeline->Illuminate\\Pipeline\\{closure}()
#48 /home/dharamshalaonlin/public_html/vendor/laravel/framework/src/Illuminate/Routing/Router.php(799): Illuminate\\Pipeline\\Pipeline->then()
#49 /home/dharamshalaonlin/public_html/vendor/laravel/framework/src/Illuminate/Routing/Router.php(776): Illuminate\\Routing\\Router->runRouteWithinStack()
#50 /home/dharamshalaonlin/public_html/vendor/laravel/framework/src/Illuminate/Routing/Router.php(740): Illuminate\\Routing\\Router->runRoute()
#51 /home/dharamshalaonlin/public_html/vendor/laravel/framework/src/Illuminate/Routing/Router.php(729): Illuminate\\Routing\\Router->dispatchToRoute()
#52 /home/dharamshalaonlin/public_html/vendor/laravel/framework/src/Illuminate/Foundation/Http/Kernel.php(190): Illuminate\\Routing\\Router->dispatch()
#53 /home/dharamshalaonlin/public_html/vendor/laravel/framework/src/Illuminate/Pipeline/Pipeline.php(141): Illuminate\\Foundation\\Http\\Kernel->Illuminate\\Foundation\\Http\\{closure}()
#54 /home/dharamshalaonlin/public_html/themes/Base/Core/Middleware/RunUpdater.php(72): Illuminate\\Pipeline\\Pipeline->Illuminate\\Pipeline\\{closure}()
#55 /home/dharamshalaonlin/public_html/vendor/laravel/framework/src/Illuminate/Pipeline/Pipeline.php(180): Themes\\Base\\Core\\Middleware\\RunUpdater->handle()
#56 /home/dharamshalaonlin/public_html/vendor/barryvdh/laravel-debugbar/src/Middleware/InjectDebugbar.php(59): Illuminate\\Pipeline\\Pipeline->Illuminate\\Pipeline\\{closure}()
#57 /home/dharamshalaonlin/public_html/vendor/laravel/framework/src/Illuminate/Pipeline/Pipeline.php(180): Barryvdh\\Debugbar\\Middleware\\InjectDebugbar->handle()
#58 /home/dharamshalaonlin/public_html/vendor/laravel/framework/src/Illuminate/Foundation/Http/Middleware/TransformsRequest.php(21): Illuminate\\Pipeline\\Pipeline->Illuminate\\Pipeline\\{closure}()
#59 /home/dharamshalaonlin/public_html/vendor/laravel/framework/src/Illuminate/Foundation/Http/Middleware/ConvertEmptyStringsToNull.php(31): Illuminate\\Foundation\\Http\\Middleware\\TransformsRequest->handle()
#60 /home/dharamshalaonlin/public_html/vendor/laravel/framework/src/Illuminate/Pipeline/Pipeline.php(180): Illuminate\\Foundation\\Http\\Middleware\\ConvertEmptyStringsToNull->handle()
#61 /home/dharamshalaonlin/public_html/vendor/laravel/framework/src/Illuminate/Foundation/Http/Middleware/TransformsRequest.php(21): Illuminate\\Pipeline\\Pipeline->Illuminate\\Pipeline\\{closure}()
#62 /home/dharamshalaonlin/public_html/vendor/laravel/framework/src/Illuminate/Foundation/Http/Middleware/TrimStrings.php(40): Illuminate\\Foundation\\Http\\Middleware\\TransformsRequest->handle()
#63 /home/dharamshalaonlin/public_html/vendor/laravel/framework/src/Illuminate/Pipeline/Pipeline.php(180): Illuminate\\Foundation\\Http\\Middleware\\TrimStrings->handle()
#64 /home/dharamshalaonlin/public_html/vendor/laravel/framework/src/Illuminate/Foundation/Http/Middleware/ValidatePostSize.php(27): Illuminate\\Pipeline\\Pipeline->Illuminate\\Pipeline\\{closure}()
#65 /home/dharamshalaonlin/public_html/vendor/laravel/framework/src/Illuminate/Pipeline/Pipeline.php(180): Illuminate\\Foundation\\Http\\Middleware\\ValidatePostSize->handle()
#66 /home/dharamshalaonlin/public_html/vendor/laravel/framework/src/Illuminate/Foundation/Http/Middleware/PreventRequestsDuringMaintenance.php(86): Illuminate\\Pipeline\\Pipeline->Illuminate\\Pipeline\\{closure}()
#67 /home/dharamshalaonlin/public_html/vendor/laravel/framework/src/Illuminate/Pipeline/Pipeline.php(180): Illuminate\\Foundation\\Http\\Middleware\\PreventRequestsDuringMaintenance->handle()
#68 /home/dharamshalaonlin/public_html/vendor/laravel/framework/src/Illuminate/Http/Middleware/HandleCors.php(49): Illuminate\\Pipeline\\Pipeline->Illuminate\\Pipeline\\{closure}()
#69 /home/dharamshalaonlin/public_html/vendor/laravel/framework/src/Illuminate/Pipeline/Pipeline.php(180): Illuminate\\Http\\Middleware\\HandleCors->handle()
#70 /home/dharamshalaonlin/public_html/app/Http/Middleware/RedirectToInstaller.php(40): Illuminate\\Pipeline\\Pipeline->Illuminate\\Pipeline\\{closure}()
#71 /home/dharamshalaonlin/public_html/vendor/laravel/framework/src/Illuminate/Pipeline/Pipeline.php(180): App\\Http\\Middleware\\RedirectToInstaller->handle()
#72 /home/dharamshalaonlin/public_html/vendor/laravel/framework/src/Illuminate/Http/Middleware/TrustProxies.php(39): Illuminate\\Pipeline\\Pipeline->Illuminate\\Pipeline\\{closure}()
#73 /home/dharamshalaonlin/public_html/vendor/laravel/framework/src/Illuminate/Pipeline/Pipeline.php(180): Illuminate\\Http\\Middleware\\TrustProxies->handle()
#74 /home/dharamshalaonlin/public_html/vendor/laravel/framework/src/Illuminate/Pipeline/Pipeline.php(116): Illuminate\\Pipeline\\Pipeline->Illuminate\\Pipeline\\{closure}()
#75 /home/dharamshalaonlin/public_html/vendor/laravel/framework/src/Illuminate/Foundation/Http/Kernel.php(165): Illuminate\\Pipeline\\Pipeline->then()
#76 /home/dharamshalaonlin/public_html/vendor/laravel/framework/src/Illuminate/Foundation/Http/Kernel.php(134): Illuminate\\Foundation\\Http\\Kernel->sendRequestThroughRouter()
#77 /home/dharamshalaonlin/public_html/public/index.php(72): Illuminate\\Foundation\\Http\\Kernel->handle()
#78 {main}
"} 
[2023-06-13 18:07:38] production.ERROR: Pusher error: cURL error 35: OpenSSL SSL_connect: SSL_ERROR_ZERO_RETURN in connection to api-ap2.pusher.com:443  (see https://curl.haxx.se/libcurl/c/libcurl-errors.html) for https://api-ap2.pusher.com/apps/1587656/events?auth_key=c5fb26e8fdf504af5890&auth_timestamp=1686659775&auth_version=1.0&body_md5=8df0b62866dcefd0a7c3adcb405da07e&auth_signature=4e1a01d722601a4e138c11b3e816eb863b1c739cc23a4cf848de3b02ca2459fd. {"userId":18,"exception":"[object] (Illuminate\\Broadcasting\\BroadcastException(code: 0): Pusher error: cURL error 35: OpenSSL SSL_connect: SSL_ERROR_ZERO_RETURN in connection to api-ap2.pusher.com:443  (see https://curl.haxx.se/libcurl/c/libcurl-errors.html) for https://api-ap2.pusher.com/apps/1587656/events?auth_key=c5fb26e8fdf504af5890&auth_timestamp=1686659775&auth_version=1.0&body_md5=8df0b62866dcefd0a7c3adcb405da07e&auth_signature=4e1a01d722601a4e138c11b3e816eb863b1c739cc23a4cf848de3b02ca2459fd. at /home/dharamshalaonlin/public_html/vendor/laravel/framework/src/Illuminate/Broadcasting/Broadcasters/PusherBroadcaster.php:164)
[stacktrace]
#0 /home/dharamshalaonlin/public_html/vendor/laravel/framework/src/Illuminate/Broadcasting/BroadcastEvent.php(85): Illuminate\\Broadcasting\\Broadcasters\\PusherBroadcaster->broadcast()
#1 /home/dharamshalaonlin/public_html/vendor/laravel/framework/src/Illuminate/Container/BoundMethod.php(36): Illuminate\\Broadcasting\\BroadcastEvent->handle()
#2 /home/dharamshalaonlin/public_html/vendor/laravel/framework/src/Illuminate/Container/Util.php(41): Illuminate\\Container\\BoundMethod::Illuminate\\Container\\{closure}()
#3 /home/dharamshalaonlin/public_html/vendor/laravel/framework/src/Illuminate/Container/BoundMethod.php(93): Illuminate\\Container\\Util::unwrapIfClosure()
#4 /home/dharamshalaonlin/public_html/vendor/laravel/framework/src/Illuminate/Container/BoundMethod.php(37): Illuminate\\Container\\BoundMethod::callBoundMethod()
#5 /home/dharamshalaonlin/public_html/vendor/laravel/framework/src/Illuminate/Container/Container.php(651): Illuminate\\Container\\BoundMethod::call()
#6 /home/dharamshalaonlin/public_html/vendor/laravel/framework/src/Illuminate/Bus/Dispatcher.php(128): Illuminate\\Container\\Container->call()
#7 /home/dharamshalaonlin/public_html/vendor/laravel/framework/src/Illuminate/Pipeline/Pipeline.php(141): Illuminate\\Bus\\Dispatcher->Illuminate\\Bus\\{closure}()
#8 /home/dharamshalaonlin/public_html/vendor/laravel/framework/src/Illuminate/Pipeline/Pipeline.php(116): Illuminate\\Pipeline\\Pipeline->Illuminate\\Pipeline\\{closure}()
#9 /home/dharamshalaonlin/public_html/vendor/laravel/framework/src/Illuminate/Bus/Dispatcher.php(132): Illuminate\\Pipeline\\Pipeline->then()
#10 /home/dharamshalaonlin/public_html/vendor/laravel/framework/src/Illuminate/Queue/CallQueuedHandler.php(124): Illuminate\\Bus\\Dispatcher->dispatchNow()
#11 /home/dharamshalaonlin/public_html/vendor/laravel/framework/src/Illuminate/Pipeline/Pipeline.php(141): Illuminate\\Queue\\CallQueuedHandler->Illuminate\\Queue\\{closure}()
#12 /home/dharamshalaonlin/public_html/vendor/laravel/framework/src/Illuminate/Pipeline/Pipeline.php(116): Illuminate\\Pipeline\\Pipeline->Illuminate\\Pipeline\\{closure}()
#13 /home/dharamshalaonlin/public_html/vendor/laravel/framework/src/Illuminate/Queue/CallQueuedHandler.php(126): Illuminate\\Pipeline\\Pipeline->then()
#14 /home/dharamshalaonlin/public_html/vendor/laravel/framework/src/Illuminate/Queue/CallQueuedHandler.php(70): Illuminate\\Queue\\CallQueuedHandler->dispatchThroughMiddleware()
#15 /home/dharamshalaonlin/public_html/vendor/laravel/framework/src/Illuminate/Queue/Jobs/Job.php(98): Illuminate\\Queue\\CallQueuedHandler->call()
#16 /home/dharamshalaonlin/public_html/vendor/laravel/framework/src/Illuminate/Queue/SyncQueue.php(43): Illuminate\\Queue\\Jobs\\Job->fire()
#17 /home/dharamshalaonlin/public_html/vendor/laravel/framework/src/Illuminate/Queue/Queue.php(57): Illuminate\\Queue\\SyncQueue->push()
#18 /home/dharamshalaonlin/public_html/vendor/laravel/framework/src/Illuminate/Broadcasting/BroadcastManager.php(183): Illuminate\\Queue\\Queue->pushOn()
#19 /home/dharamshalaonlin/public_html/vendor/laravel/framework/src/Illuminate/Events/Dispatcher.php(320): Illuminate\\Broadcasting\\BroadcastManager->queue()
#20 /home/dharamshalaonlin/public_html/vendor/laravel/framework/src/Illuminate/Events/Dispatcher.php(243): Illuminate\\Events\\Dispatcher->broadcastEvent()
#21 /home/dharamshalaonlin/public_html/vendor/laravel/framework/src/Illuminate/Foundation/helpers.php(451): Illuminate\\Events\\Dispatcher->dispatch()
#22 /home/dharamshalaonlin/public_html/app/Notifications/AdminChannelServices.php(74): event()
#23 /home/dharamshalaonlin/public_html/app/Notifications/DatabaseChannel.php(12): App\\Notifications\\AdminChannelServices->toDatabase()
#24 /home/dharamshalaonlin/public_html/vendor/laravel/framework/src/Illuminate/Notifications/NotificationSender.php(148): App\\Notifications\\DatabaseChannel->send()
#25 /home/dharamshalaonlin/public_html/vendor/laravel/framework/src/Illuminate/Notifications/NotificationSender.php(106): Illuminate\\Notifications\\NotificationSender->sendToNotifiable()
#26 /home/dharamshalaonlin/public_html/vendor/laravel/framework/src/Illuminate/Support/Traits/Localizable.php(19): Illuminate\\Notifications\\NotificationSender->Illuminate\\Notifications\\{closure}()
#27 /home/dharamshalaonlin/public_html/vendor/laravel/framework/src/Illuminate/Notifications/NotificationSender.php(109): Illuminate\\Notifications\\NotificationSender->withLocale()
#28 /home/dharamshalaonlin/public_html/vendor/laravel/framework/src/Illuminate/Notifications/NotificationSender.php(79): Illuminate\\Notifications\\NotificationSender->sendNow()
#29 /home/dharamshalaonlin/public_html/vendor/laravel/framework/src/Illuminate/Notifications/ChannelManager.php(39): Illuminate\\Notifications\\NotificationSender->send()
#30 /home/dharamshalaonlin/public_html/vendor/laravel/framework/src/Illuminate/Notifications/RoutesNotifications.php(18): Illuminate\\Notifications\\ChannelManager->send()
#31 /home/dharamshalaonlin/public_html/modules/Core/Listeners/UpdatedServicesListen.php(45): App\\User->notify()
#32 /home/dharamshalaonlin/public_html/vendor/laravel/framework/src/Illuminate/Events/Dispatcher.php(441): Modules\\Core\\Listeners\\UpdatedServicesListen->handle()
#33 /home/dharamshalaonlin/public_html/vendor/laravel/framework/src/Illuminate/Events/Dispatcher.php(249): Illuminate\\Events\\Dispatcher->Illuminate\\Events\\{closure}()
#34 /home/dharamshalaonlin/public_html/vendor/laravel/framework/src/Illuminate/Foundation/helpers.php(451): Illuminate\\Events\\Dispatcher->dispatch()
#35 /home/dharamshalaonlin/public_html/modules/Hotel/Admin/HotelController.php(358): event()
#36 /home/dharamshalaonlin/public_html/vendor/laravel/framework/src/Illuminate/Routing/Controller.php(54): Modules\\Hotel\\Admin\\HotelController->bulkEdit()
#37 /home/dharamshalaonlin/public_html/modules/Hotel/Admin/HotelController.php(45): Illuminate\\Routing\\Controller->callAction()
#38 /home/dharamshalaonlin/public_html/vendor/laravel/framework/src/Illuminate/Routing/ControllerDispatcher.php(43): Modules\\Hotel\\Admin\\HotelController->callAction()
#39 /home/dharamshalaonlin/public_html/vendor/laravel/framework/src/Illuminate/Routing/Route.php(260): Illuminate\\Routing\\ControllerDispatcher->dispatch()
#40 /home/dharamshalaonlin/public_html/vendor/laravel/framework/src/Illuminate/Routing/Route.php(205): Illuminate\\Routing\\Route->runController()
#41 /home/dharamshalaonlin/public_html/vendor/laravel/framework/src/Illuminate/Routing/Router.php(798): Illuminate\\Routing\\Route->run()
#42 /home/dharamshalaonlin/public_html/vendor/laravel/framework/src/Illuminate/Pipeline/Pipeline.php(141): Illuminate\\Routing\\Router->Illuminate\\Routing\\{closure}()
#43 /home/dharamshalaonlin/public_html/app/Http/Middleware/Dashboard.php(25): Illuminate\\Pipeline\\Pipeline->Illuminate\\Pipeline\\{closure}()
#44 /home/dharamshalaonlin/public_html/vendor/laravel/framework/src/Illuminate/Pipeline/Pipeline.php(180): App\\Http\\Middleware\\Dashboard->handle()
#45 /home/dharamshalaonlin/public_html/app/Http/Middleware/RequireChangePassword.php(41): Illuminate\\Pipeline\\Pipeline->Illuminate\\Pipeline\\{closure}()
#46 /home/dharamshalaonlin/public_html/vendor/laravel/framework/src/Illuminate/Pipeline/Pipeline.php(180): App\\Http\\Middleware\\RequireChangePassword->handle()
#47 /home/dharamshalaonlin/public_html/app/Http/Middleware/SetLanguageForAdmin.php(37): Illuminate\\Pipeline\\Pipeline->Illuminate\\Pipeline\\{closure}()
#48 /home/dharamshalaonlin/public_html/vendor/laravel/framework/src/Illuminate/Pipeline/Pipeline.php(180): App\\Http\\Middleware\\SetLanguageForAdmin->handle()
#49 /home/dharamshalaonlin/public_html/app/Http/Middleware/SetCurrentCurrency.php(48): Illuminate\\Pipeline\\Pipeline->Illuminate\\Pipeline\\{closure}()
#50 /home/dharamshalaonlin/public_html/vendor/laravel/framework/src/Illuminate/Pipeline/Pipeline.php(180): App\\Http\\Middleware\\SetCurrentCurrency->handle()
#51 /home/dharamshalaonlin/public_html/app/Http/Middleware/HideDebugbar.php(32): Illuminate\\Pipeline\\Pipeline->Illuminate\\Pipeline\\{closure}()
#52 /home/dharamshalaonlin/public_html/vendor/laravel/framework/src/Illuminate/Pipeline/Pipeline.php(180): App\\Http\\Middleware\\HideDebugbar->handle()
#53 /home/dharamshalaonlin/public_html/app/Http/Middleware/RedirectForMultiLanguage.php(58): Illuminate\\Pipeline\\Pipeline->Illuminate\\Pipeline\\{closure}()
#54 /home/dharamshalaonlin/public_html/vendor/laravel/framework/src/Illuminate/Pipeline/Pipeline.php(180): App\\Http\\Middleware\\RedirectForMultiLanguage->handle()
#55 /home/dharamshalaonlin/public_html/vendor/laravel/framework/src/Illuminate/Routing/Middleware/SubstituteBindings.php(50): Illuminate\\Pipeline\\Pipeline->Illuminate\\Pipeline\\{closure}()
#56 /home/dharamshalaonlin/public_html/vendor/laravel/framework/src/Illuminate/Pipeline/Pipeline.php(180): Illuminate\\Routing\\Middleware\\SubstituteBindings->handle()
#57 /home/dharamshalaonlin/public_html/vendor/laravel/framework/src/Illuminate/Foundation/Http/Middleware/VerifyCsrfToken.php(78): Illuminate\\Pipeline\\Pipeline->Illuminate\\Pipeline\\{closure}()
#58 /home/dharamshalaonlin/public_html/vendor/laravel/framework/src/Illuminate/Pipeline/Pipeline.php(180): Illuminate\\Foundation\\Http\\Middleware\\VerifyCsrfToken->handle()
#59 /home/dharamshalaonlin/public_html/vendor/laravel/framework/src/Illuminate/View/Middleware/ShareErrorsFromSession.php(49): Illuminate\\Pipeline\\Pipeline->Illuminate\\Pipeline\\{closure}()
#60 /home/dharamshalaonlin/public_html/vendor/laravel/framework/src/Illuminate/Pipeline/Pipeline.php(180): Illuminate\\View\\Middleware\\ShareErrorsFromSession->handle()
#61 /home/dharamshalaonlin/public_html/vendor/laravel/framework/src/Illuminate/Session/Middleware/StartSession.php(121): Illuminate\\Pipeline\\Pipeline->Illuminate\\Pipeline\\{closure}()
#62 /home/dharamshalaonlin/public_html/vendor/laravel/framework/src/Illuminate/Session/Middleware/StartSession.php(64): Illuminate\\Session\\Middleware\\StartSession->handleStatefulRequest()
#63 /home/dharamshalaonlin/public_html/vendor/laravel/framework/src/Illuminate/Pipeline/Pipeline.php(180): Illuminate\\Session\\Middleware\\StartSession->handle()
#64 /home/dharamshalaonlin/public_html/vendor/laravel/framework/src/Illuminate/Cookie/Middleware/AddQueuedCookiesToResponse.php(37): Illuminate\\Pipeline\\Pipeline->Illuminate\\Pipeline\\{closure}()
#65 /home/dharamshalaonlin/public_html/vendor/laravel/framework/src/Illuminate/Pipeline/Pipeline.php(180): Illuminate\\Cookie\\Middleware\\AddQueuedCookiesToResponse->handle()
#66 /home/dharamshalaonlin/public_html/vendor/laravel/framework/src/Illuminate/Cookie/Middleware/EncryptCookies.php(67): Illuminate\\Pipeline\\Pipeline->Illuminate\\Pipeline\\{closure}()
#67 /home/dharamshalaonlin/public_html/vendor/laravel/framework/src/Illuminate/Pipeline/Pipeline.php(180): Illuminate\\Cookie\\Middleware\\EncryptCookies->handle()
#68 /home/dharamshalaonlin/public_html/vendor/laravel/framework/src/Illuminate/Pipeline/Pipeline.php(116): Illuminate\\Pipeline\\Pipeline->Illuminate\\Pipeline\\{closure}()
#69 /home/dharamshalaonlin/public_html/vendor/laravel/framework/src/Illuminate/Routing/Router.php(799): Illuminate\\Pipeline\\Pipeline->then()
#70 /home/dharamshalaonlin/public_html/vendor/laravel/framework/src/Illuminate/Routing/Router.php(776): Illuminate\\Routing\\Router->runRouteWithinStack()
#71 /home/dharamshalaonlin/public_html/vendor/laravel/framework/src/Illuminate/Routing/Router.php(740): Illuminate\\Routing\\Router->runRoute()
#72 /home/dharamshalaonlin/public_html/vendor/laravel/framework/src/Illuminate/Routing/Router.php(729): Illuminate\\Routing\\Router->dispatchToRoute()
#73 /home/dharamshalaonlin/public_html/vendor/laravel/framework/src/Illuminate/Foundation/Http/Kernel.php(190): Illuminate\\Routing\\Router->dispatch()
#74 /home/dharamshalaonlin/public_html/vendor/laravel/framework/src/Illuminate/Pipeline/Pipeline.php(141): Illuminate\\Foundation\\Http\\Kernel->Illuminate\\Foundation\\Http\\{closure}()
#75 /home/dharamshalaonlin/public_html/themes/Base/Core/Middleware/RunUpdater.php(72): Illuminate\\Pipeline\\Pipeline->Illuminate\\Pipeline\\{closure}()
#76 /home/dharamshalaonlin/public_html/vendor/laravel/framework/src/Illuminate/Pipeline/Pipeline.php(180): Themes\\Base\\Core\\Middleware\\RunUpdater->handle()
#77 /home/dharamshalaonlin/public_html/vendor/barryvdh/laravel-debugbar/src/Middleware/InjectDebugbar.php(59): Illuminate\\Pipeline\\Pipeline->Illuminate\\Pipeline\\{closure}()
#78 /home/dharamshalaonlin/public_html/vendor/laravel/framework/src/Illuminate/Pipeline/Pipeline.php(180): Barryvdh\\Debugbar\\Middleware\\InjectDebugbar->handle()
#79 /home/dharamshalaonlin/public_html/vendor/laravel/framework/src/Illuminate/Foundation/Http/Middleware/TransformsRequest.php(21): Illuminate\\Pipeline\\Pipeline->Illuminate\\Pipeline\\{closure}()
#80 /home/dharamshalaonlin/public_html/vendor/laravel/framework/src/Illuminate/Foundation/Http/Middleware/ConvertEmptyStringsToNull.php(31): Illuminate\\Foundation\\Http\\Middleware\\TransformsRequest->handle()
#81 /home/dharamshalaonlin/public_html/vendor/laravel/framework/src/Illuminate/Pipeline/Pipeline.php(180): Illuminate\\Foundation\\Http\\Middleware\\ConvertEmptyStringsToNull->handle()
#82 /home/dharamshalaonlin/public_html/vendor/laravel/framework/src/Illuminate/Foundation/Http/Middleware/TransformsRequest.php(21): Illuminate\\Pipeline\\Pipeline->Illuminate\\Pipeline\\{closure}()
#83 /home/dharamshalaonlin/public_html/vendor/laravel/framework/src/Illuminate/Foundation/Http/Middleware/TrimStrings.php(40): Illuminate\\Foundation\\Http\\Middleware\\TransformsRequest->handle()
#84 /home/dharamshalaonlin/public_html/vendor/laravel/framework/src/Illuminate/Pipeline/Pipeline.php(180): Illuminate\\Foundation\\Http\\Middleware\\TrimStrings->handle()
#85 /home/dharamshalaonlin/public_html/vendor/laravel/framework/src/Illuminate/Foundation/Http/Middleware/ValidatePostSize.php(27): Illuminate\\Pipeline\\Pipeline->Illuminate\\Pipeline\\{closure}()
#86 /home/dharamshalaonlin/public_html/vendor/laravel/framework/src/Illuminate/Pipeline/Pipeline.php(180): Illuminate\\Foundation\\Http\\Middleware\\ValidatePostSize->handle()
#87 /home/dharamshalaonlin/public_html/vendor/laravel/framework/src/Illuminate/Foundation/Http/Middleware/PreventRequestsDuringMaintenance.php(86): Illuminate\\Pipeline\\Pipeline->Illuminate\\Pipeline\\{closure}()
#88 /home/dharamshalaonlin/public_html/vendor/laravel/framework/src/Illuminate/Pipeline/Pipeline.php(180): Illuminate\\Foundation\\Http\\Middleware\\PreventRequestsDuringMaintenance->handle()
#89 /home/dharamshalaonlin/public_html/vendor/laravel/framework/src/Illuminate/Http/Middleware/HandleCors.php(49): Illuminate\\Pipeline\\Pipeline->Illuminate\\Pipeline\\{closure}()
#90 /home/dharamshalaonlin/public_html/vendor/laravel/framework/src/Illuminate/Pipeline/Pipeline.php(180): Illuminate\\Http\\Middleware\\HandleCors->handle()
#91 /home/dharamshalaonlin/public_html/app/Http/Middleware/RedirectToInstaller.php(40): Illuminate\\Pipeline\\Pipeline->Illuminate\\Pipeline\\{closure}()
#92 /home/dharamshalaonlin/public_html/vendor/laravel/framework/src/Illuminate/Pipeline/Pipeline.php(180): App\\Http\\Middleware\\RedirectToInstaller->handle()
#93 /home/dharamshalaonlin/public_html/vendor/laravel/framework/src/Illuminate/Http/Middleware/TrustProxies.php(39): Illuminate\\Pipeline\\Pipeline->Illuminate\\Pipeline\\{closure}()
#94 /home/dharamshalaonlin/public_html/vendor/laravel/framework/src/Illuminate/Pipeline/Pipeline.php(180): Illuminate\\Http\\Middleware\\TrustProxies->handle()
#95 /home/dharamshalaonlin/public_html/vendor/laravel/framework/src/Illuminate/Pipeline/Pipeline.php(116): Illuminate\\Pipeline\\Pipeline->Illuminate\\Pipeline\\{closure}()
#96 /home/dharamshalaonlin/public_html/vendor/laravel/framework/src/Illuminate/Foundation/Http/Kernel.php(165): Illuminate\\Pipeline\\Pipeline->then()
#97 /home/dharamshalaonlin/public_html/vendor/laravel/framework/src/Illuminate/Foundation/Http/Kernel.php(134): Illuminate\\Foundation\\Http\\Kernel->sendRequestThroughRouter()
#98 /home/dharamshalaonlin/public_html/public/index.php(72): Illuminate\\Foundation\\Http\\Kernel->handle()
#99 {main}
"} 
[2023-06-13 18:40:33] production.WARNING: sendNewBookingEmails: Expected response code "250/251/252" but got code "550", with message "550 No Such User Here".  
[2023-06-13 18:40:34] production.ERROR: Authenticate  
[2023-06-13 18:40:35] production.ERROR: Authenticate  
[2023-06-13 18:40:35] production.ERROR: Authenticate  
[2023-06-13 18:44:49] production.WARNING: sendStatusUpdatedEmails: Expected response code "250/251/252" but got code "550", with message "550 No Such User Here".  
[2023-06-13 18:44:50] production.ERROR: Authenticate  
[2023-06-13 18:44:51] production.ERROR: Authenticate  
[2023-06-13 18:44:51] production.ERROR: Authenticate  
[2023-06-13 18:50:02] production.WARNING: sendStatusUpdatedEmails: Expected response code "250/251/252" but got code "550", with message "550 No Such User Here".  
[2023-06-13 18:50:04] production.ERROR: Authenticate  
[2023-06-13 18:50:04] production.ERROR: Authenticate  
[2023-06-13 18:50:05] production.ERROR: Authenticate  
